TN:
SF:src/controller/PostGetAllAction.ts
FN:7,postGetAllAction
FNF:1
FNH:1
FNDA:1,postGetAllAction
DA:2,1
DA:7,1
DA:8,1
DA:9,1
DA:10,1
DA:11,1
DA:13,0
LF:7
LH:6
BRF:0
BRH:0
end_of_record
TN:
SF:src/controller/PostGetByIdAction.ts
FN:8,postGetByIdAction
FNF:1
FNH:0
FNDA:0,postGetByIdAction
DA:2,1
DA:3,1
DA:8,1
DA:11,0
DA:14,0
DA:17,0
DA:18,0
DA:19,0
DA:20,0
DA:24,0
LF:10
LH:3
BRDA:17,0,0,0
BRDA:17,0,1,0
BRF:2
BRH:0
end_of_record
TN:
SF:src/controller/PostSaveAction.ts
FN:8,postSaveAction
FNF:1
FNH:0
FNDA:0,postSaveAction
DA:2,1
DA:3,1
DA:8,1
DA:11,0
DA:14,0
DA:17,0
DA:20,0
LF:7
LH:3
BRF:0
BRH:0
end_of_record
TN:
SF:src/entity/Category.ts
FNF:0
FNH:0
DA:1,2
DA:4,2
DA:7,2
DA:10,2
DA:14,2
LF:5
LH:5
BRF:0
BRH:0
end_of_record
TN:
SF:src/entity/Post.ts
FN:16,(anonymous_2)
FNF:1
FNH:1
FNDA:2,(anonymous_2)
DA:1,2
DA:2,2
DA:5,2
DA:8,2
DA:11,2
DA:14,2
DA:16,2
DA:20,2
DA:24,2
LF:9
LH:9
BRF:0
BRH:0
end_of_record
TN:
SF:src/service/Post.ts
FN:5,(anonymous_8)
FN:14,(anonymous_10)
FNF:2
FNH:1
FNDA:2,(anonymous_8)
FNDA:0,(anonymous_10)
DA:1,2
DA:2,2
DA:10,2
DA:17,0
DA:22,2
LF:5
LH:4
BRF:0
BRH:0
end_of_record
